{"numFailedTestSuites":1,"numFailedTests":0,"numPassedTestSuites":0,"numPassedTests":0,"numPendingTestSuites":0,"numPendingTests":0,"numRuntimeErrorTestSuites":1,"numTodoTests":0,"numTotalTestSuites":1,"numTotalTests":0,"openHandles":[],"snapshot":{"added":0,"didUpdate":false,"failure":false,"filesAdded":0,"filesRemoved":0,"filesRemovedList":[],"filesUnmatched":0,"filesUpdated":0,"matched":0,"total":0,"unchecked":0,"uncheckedKeysByFile":[],"unmatched":0,"updated":0},"startTime":1589783494030,"success":false,"testResults":[{"assertionResults":[],"coverage":{},"endTime":1589783495323,"message":"  \u001b[1m● \u001b[22mTest suite failed to run\n\n    File not found: <rootDir>/tsconfig.spec.json (resolved as: /Users/shilman/projects/baseline/storybook/examples/angular-cli/tsconfig.spec.json)\n\n      \u001b[2mat ConfigSet.resolvePath (\u001b[22m../../node_modules/ts-jest/dist/config/config-set.js\u001b[2m:696:19)\u001b[22m\n      \u001b[2mat ConfigSet.get (\u001b[22m../../node_modules/ts-jest/dist/config/config-set.js\u001b[2m:213:67)\u001b[22m\n      \u001b[2mat ConfigSet.tsJest (\u001b[22m../../node_modules/ts-jest/dist/util/memoize.js\u001b[2m:43:24)\u001b[22m\n      \u001b[2mat ConfigSet.get (\u001b[22m../../node_modules/ts-jest/dist/config/config-set.js\u001b[2m:301:41)\u001b[22m\n      \u001b[2mat ConfigSet.versions (\u001b[22m../../node_modules/ts-jest/dist/util/memoize.js\u001b[2m:43:24)\u001b[22m\n      \u001b[2mat ConfigSet.get (\u001b[22m../../node_modules/ts-jest/dist/config/config-set.js\u001b[2m:571:32)\u001b[22m\n      \u001b[2mat ConfigSet.jsonValue (\u001b[22m../../node_modules/ts-jest/dist/util/memoize.js\u001b[2m:43:24)\u001b[22m\n      \u001b[2mat ConfigSet.get [as cacheKey] (\u001b[22m../../node_modules/ts-jest/dist/config/config-set.js\u001b[2m:586:25)\u001b[22m\n      \u001b[2mat TsJestTransformer.getCacheKey (\u001b[22m../../node_modules/ts-jest/dist/ts-jest-transformer.js\u001b[2m:109:36)\u001b[22m\n      \u001b[2mat ScriptTransformer._getCacheKey (\u001b[22m../../node_modules/@jest/transform/build/ScriptTransformer.js\u001b[2m:255:23)\u001b[22m\n","name":"/Users/shilman/projects/baseline/storybook/examples/angular-cli/src/app/app.component.spec.ts","startTime":1589783495323,"status":"failed","summary":""}],"wasInterrupted":false}